c:\users\123\desktop\qtoaq\untitled\x64\debug\leftbutton.obj
c:\users\123\desktop\qtoaq\untitled\x64\debug\stone.obj
c:\users\123\desktop\qtoaq\untitled\x64\debug\game.obj
c:\users\123\desktop\qtoaq\untitled\x64\debug\loggui.obj
c:\users\123\desktop\qtoaq\untitled\x64\debug\mainwindow.obj
c:\users\123\desktop\qtoaq\untitled\x64\debug\player.obj
c:\users\123\desktop\qtoaq\untitled\x64\debug\regist.obj
c:\users\123\desktop\qtoaq\untitled\x64\debug\playerlistitem.obj
c:\users\123\desktop\qtoaq\untitled\x64\debug\serverconnector.obj
c:\users\123\desktop\qtoaq\untitled\x64\debug\confirm.obj
c:\users\123\desktop\qtoaq\untitled\x64\debug\score.obj
c:\users\123\desktop\qtoaq\untitled\x64\debug\threadconnector.obj
c:\users\123\desktop\qtoaq\untitled\x64\debug\cell.obj
c:\users\123\desktop\qtoaq\untitled\x64\debug\challenge.obj
c:\users\123\desktop\qtoaq\untitled\x64\debug\bigcell.obj
c:\users\123\desktop\qtoaq\untitled\x64\debug\main.obj
c:\users\123\desktop\qtoaq\untitled\x64\debug\vc140.pdb
c:\users\123\desktop\qtoaq\untitled\x64\debug\moc_game.obj
c:\users\123\desktop\qtoaq\untitled\x64\debug\moc_leftbutton.obj
c:\users\123\desktop\qtoaq\untitled\x64\debug\moc_mainwindow.obj
c:\users\123\desktop\qtoaq\untitled\x64\debug\moc_loggui.obj
c:\users\123\desktop\qtoaq\untitled\x64\debug\moc_confirm.obj
c:\users\123\desktop\qtoaq\untitled\x64\debug\moc_serverconnector.obj
c:\users\123\desktop\qtoaq\untitled\x64\debug\moc_playerlistitem.obj
c:\users\123\desktop\qtoaq\untitled\x64\debug\moc_threadconnector.obj
c:\users\123\desktop\qtoaq\untitled\x64\debug\moc_cell.obj
c:\users\123\desktop\qtoaq\untitled\x64\debug\moc_challenge.obj
c:\users\123\desktop\qtoaq\untitled\x64\debug\qrc_src.obj
c:\users\123\desktop\qtoaq\untitled\x64\debug\moc_regist.obj
c:\users\123\desktop\qtoaq\untitled\debug\moc_predefs.h
c:\users\123\desktop\qtoaq\untitled\debug\moc_cell.cpp
c:\users\123\desktop\qtoaq\untitled\debug\moc_game.cpp
c:\users\123\desktop\qtoaq\untitled\debug\moc_leftbutton.cpp
c:\users\123\desktop\qtoaq\untitled\debug\moc_confirm.cpp
c:\users\123\desktop\qtoaq\untitled\debug\moc_loggui.cpp
c:\users\123\desktop\qtoaq\untitled\debug\moc_playerlistitem.cpp
c:\users\123\desktop\qtoaq\untitled\debug\moc_challenge.cpp
c:\users\123\desktop\qtoaq\untitled\debug\moc_serverconnector.cpp
c:\users\123\desktop\qtoaq\untitled\debug\moc_threadconnector.cpp
c:\users\123\desktop\qtoaq\untitled\debug\moc_regist.cpp
c:\users\123\desktop\qtoaq\untitled\debug\moc_mainwindow.cpp
c:\users\123\desktop\qtoaq\untitled\debug\qrc_src.cpp
c:\users\123\desktop\qtoaq\untitled\ui_challenge.h
c:\users\123\desktop\qtoaq\untitled\ui_confirm.h
c:\users\123\desktop\qtoaq\untitled\ui_loggui.h
c:\users\123\desktop\qtoaq\untitled\ui_mainwindow.h
c:\users\123\desktop\qtoaq\untitled\ui_serverconnector.h
c:\users\123\desktop\qtoaq\untitled\ui_regist.h
c:\users\123\desktop\qtoaq\untitled\x64\debug\untitled.tlog\cl.command.1.tlog
c:\users\123\desktop\qtoaq\untitled\x64\debug\untitled.tlog\cl.read.1.tlog
c:\users\123\desktop\qtoaq\untitled\x64\debug\untitled.tlog\cl.write.1.tlog
c:\users\123\desktop\qtoaq\untitled\x64\debug\untitled.tlog\custombuild.command.1.tlog
c:\users\123\desktop\qtoaq\untitled\x64\debug\untitled.tlog\custombuild.read.1.tlog
c:\users\123\desktop\qtoaq\untitled\x64\debug\untitled.tlog\custombuild.write.1.tlog
c:\users\123\desktop\qtoaq\untitled\x64\debug\untitled.tlog\link.11164-cvtres.read.1.tlog
c:\users\123\desktop\qtoaq\untitled\x64\debug\untitled.tlog\link.11164-cvtres.write.1.tlog
c:\users\123\desktop\qtoaq\untitled\x64\debug\untitled.tlog\link.11164-rc.read.1.tlog
c:\users\123\desktop\qtoaq\untitled\x64\debug\untitled.tlog\link.11164-rc.write.1.tlog
c:\users\123\desktop\qtoaq\untitled\x64\debug\untitled.tlog\link.11164.read.1.tlog
c:\users\123\desktop\qtoaq\untitled\x64\debug\untitled.tlog\link.11164.write.1.tlog
c:\users\123\desktop\qtoaq\untitled\x64\debug\untitled.tlog\link.command.1.tlog
c:\users\123\desktop\qtoaq\untitled\x64\debug\untitled.tlog\link.read.1.tlog
c:\users\123\desktop\qtoaq\untitled\x64\debug\untitled.tlog\link.write.1.tlog
c:\users\123\desktop\qtoaq\untitled\x64\debug\untitled.tlog\moc.read.1u.tlog
c:\users\123\desktop\qtoaq\untitled\x64\debug\untitled.tlog\moc.write.1u.tlog
c:\users\123\desktop\qtoaq\untitled\x64\debug\untitled.tlog\rcc.read.1u.tlog
c:\users\123\desktop\qtoaq\untitled\x64\debug\untitled.tlog\rcc.write.1u.tlog
c:\users\123\desktop\qtoaq\untitled\x64\debug\untitled.tlog\uic.read.1u.tlog
c:\users\123\desktop\qtoaq\untitled\x64\debug\untitled.tlog\uic.write.1u.tlog
c:\users\123\desktop\qtoaq\untitled\x64\debug\untitled.tlog\untitled.write.1u.tlog
